0 silly argv { _: [ 'version' ], lernaVersion: '3.22.1', '$0': 'lerna' }
1 notice cli v3.22.1
2 verbose rootPath /home/oem/prueba/lerna-example
3 info current version 1.0.0
4 silly isAnythingCommitted
5 verbose isAnythingCommitted 1
6 silly currentBranch
7 verbose currentBranch master
8 silly remoteBranchExists
9 silly isBehindUpstream
10 silly isBehindUpstream master is behind origin/master by 0 commit(s) and ahead by 0
11 silly hasTags
12 verbose hasTags false
13 info Assuming all packages changed
14 verbose updated test1
15 verbose updated test2
16 verbose updated test3
17 verbose git-describe undefined => "1672b2c"
18 silly git-describe parsed => {"refCount":"2","sha":"1672b2c","isDirty":false}
19 info execute Skipping releases
20 silly lifecycle No script for "preversion" in "root", continuing
21 silly lifecycle No script for "preversion" in "test1", continuing
22 silly lifecycle No script for "preversion" in "test2", continuing
23 silly lifecycle No script for "version" in "test2", continuing
24 silly lifecycle No script for "version" in "test1", continuing
25 silly lifecycle No script for "preversion" in "test3", continuing
26 silly lifecycle No script for "version" in "test3", continuing
27 silly lifecycle No script for "version" in "root", continuing
28 silly gitAdd [
28 silly gitAdd   'packages/test2/package.json',
28 silly gitAdd   'packages/test1/package.json',
28 silly gitAdd   'packages/test3/package.json',
28 silly gitAdd   'lerna.json'
28 silly gitAdd ]
29 silly gitCommit v1.0.0
30 verbose git [ 'commit', '-m', 'v1.0.0' ]
31 error Error: Command failed: git commit -m v1.0.0
31 error En la rama master
31 error Tu rama está actualizada con 'origin/master'.
31 error
31 error nada para hacer commit, el árbol de trabajo está limpio
31 error
31 error     at makeError (/home/oem/node_modules/execa/index.js:174:9)
31 error     at /home/oem/node_modules/execa/index.js:278:16
31 error     at processTicksAndRejections (internal/process/task_queues.js:97:5)
